{"C:\\Users\\aluno.SENACLAB\\Desktop\\tutorial-testes-unitarios\\TestForge Books & Products API\\app.js": {"path":"C:\\Users\\aluno.SENACLAB\\Desktop\\tutorial-testes-unitarios\\TestForge Books & Products API\\app.js","statementMap":{"0":{"start":{"line":1,"column":16},"end":{"line":1,"column":34}},"1":{"start":{"line":2,"column":12},"end":{"line":2,"column":21}},"2":{"start":{"line":3,"column":22},"end":{"line":3,"column":43}},"3":{"start":{"line":4,"column":20},"end":{"line":4,"column":39}},"4":{"start":{"line":6,"column":0},"end":{"line":6,"column":24}},"5":{"start":{"line":11,"column":0},"end":{"line":20,"column":3}},"6":{"start":{"line":12,"column":19},"end":{"line":12,"column":29}},"7":{"start":{"line":13,"column":22},"end":{"line":13,"column":58}},"8":{"start":{"line":15,"column":4},"end":{"line":17,"column":5}},"9":{"start":{"line":16,"column":8},"end":{"line":16,"column":75}},"10":{"start":{"line":19,"column":4},"end":{"line":19,"column":54}},"11":{"start":{"line":25,"column":0},"end":{"line":33,"column":3}},"12":{"start":{"line":26,"column":22},"end":{"line":26,"column":54}},"13":{"start":{"line":28,"column":4},"end":{"line":30,"column":5}},"14":{"start":{"line":29,"column":8},"end":{"line":29,"column":75}},"15":{"start":{"line":32,"column":4},"end":{"line":32,"column":54}},"16":{"start":{"line":36,"column":0},"end":{"line":45,"column":3}},"17":{"start":{"line":37,"column":19},"end":{"line":37,"column":29}},"18":{"start":{"line":38,"column":22},"end":{"line":38,"column":54}},"19":{"start":{"line":40,"column":4},"end":{"line":42,"column":5}},"20":{"start":{"line":41,"column":8},"end":{"line":41,"column":75}},"21":{"start":{"line":44,"column":4},"end":{"line":44,"column":54}},"22":{"start":{"line":48,"column":0},"end":{"line":48,"column":21}},"23":{"start":{"line":51,"column":0},"end":{"line":56,"column":1}},"24":{"start":{"line":52,"column":17},"end":{"line":52,"column":21}},"25":{"start":{"line":53,"column":4},"end":{"line":55,"column":7}},"26":{"start":{"line":54,"column":8},"end":{"line":54,"column":68}}},"fnMap":{"0":{"name":"(anonymous_0)","decl":{"start":{"line":11,"column":25},"end":{"line":11,"column":26}},"loc":{"start":{"line":11,"column":39},"end":{"line":20,"column":1}},"line":11},"1":{"name":"(anonymous_1)","decl":{"start":{"line":25,"column":20},"end":{"line":25,"column":21}},"loc":{"start":{"line":25,"column":34},"end":{"line":33,"column":1}},"line":25},"2":{"name":"(anonymous_2)","decl":{"start":{"line":36,"column":23},"end":{"line":36,"column":24}},"loc":{"start":{"line":36,"column":37},"end":{"line":45,"column":1}},"line":36},"3":{"name":"(anonymous_3)","decl":{"start":{"line":53,"column":21},"end":{"line":53,"column":22}},"loc":{"start":{"line":53,"column":27},"end":{"line":55,"column":5}},"line":53}},"branchMap":{"0":{"loc":{"start":{"line":15,"column":4},"end":{"line":17,"column":5}},"type":"if","locations":[{"start":{"line":15,"column":4},"end":{"line":17,"column":5}},{"start":{},"end":{}}],"line":15},"1":{"loc":{"start":{"line":28,"column":4},"end":{"line":30,"column":5}},"type":"if","locations":[{"start":{"line":28,"column":4},"end":{"line":30,"column":5}},{"start":{},"end":{}}],"line":28},"2":{"loc":{"start":{"line":40,"column":4},"end":{"line":42,"column":5}},"type":"if","locations":[{"start":{"line":40,"column":4},"end":{"line":42,"column":5}},{"start":{},"end":{}}],"line":40},"3":{"loc":{"start":{"line":51,"column":0},"end":{"line":56,"column":1}},"type":"if","locations":[{"start":{"line":51,"column":0},"end":{"line":56,"column":1}},{"start":{},"end":{}}],"line":51}},"s":{"0":1,"1":1,"2":1,"3":1,"4":1,"5":1,"6":5,"7":5,"8":5,"9":3,"10":2,"11":1,"12":2,"13":2,"14":1,"15":1,"16":1,"17":2,"18":2,"19":2,"20":1,"21":1,"22":1,"23":1,"24":0,"25":0,"26":0},"f":{"0":5,"1":2,"2":2,"3":0},"b":{"0":[3,2],"1":[1,1],"2":[1,1],"3":[0,1]},"_coverageSchema":"1a1c01bbd47fc00a2c39e90264f33305004495a9","hash":"c87d9a9c389d8e827e392ac51ea778315499e363"}
,"C:\\Users\\aluno.SENACLAB\\Desktop\\tutorial-testes-unitarios\\TestForge Books & Products API\\livros.js": {"path":"C:\\Users\\aluno.SENACLAB\\Desktop\\tutorial-testes-unitarios\\TestForge Books & Products API\\livros.js","statementMap":{"0":{"start":{"line":2,"column":13},"end":{"line":2,"column":15}},"1":{"start":{"line":3,"column":16},"end":{"line":3,"column":17}},"2":{"start":{"line":6,"column":20},"end":{"line":9,"column":1}},"3":{"start":{"line":7,"column":4},"end":{"line":7,"column":16}},"4":{"start":{"line":8,"column":4},"end":{"line":8,"column":18}},"5":{"start":{"line":12,"column":19},"end":{"line":29,"column":1}},"6":{"start":{"line":13,"column":36},"end":{"line":13,"column":41}},"7":{"start":{"line":16,"column":4},"end":{"line":18,"column":5}},"8":{"start":{"line":17,"column":8},"end":{"line":17,"column":95}},"9":{"start":{"line":20,"column":22},"end":{"line":25,"column":5}},"10":{"start":{"line":27,"column":4},"end":{"line":27,"column":27}},"11":{"start":{"line":28,"column":4},"end":{"line":28,"column":44}},"12":{"start":{"line":32,"column":25},"end":{"line":41,"column":1}},"13":{"start":{"line":33,"column":22},"end":{"line":33,"column":32}},"14":{"start":{"line":34,"column":18},"end":{"line":34,"column":54}},"15":{"start":{"line":34,"column":35},"end":{"line":34,"column":53}},"16":{"start":{"line":36,"column":4},"end":{"line":38,"column":5}},"17":{"start":{"line":37,"column":8},"end":{"line":37,"column":61}},"18":{"start":{"line":40,"column":4},"end":{"line":40,"column":40}},"19":{"start":{"line":43,"column":0},"end":{"line":47,"column":2}}},"fnMap":{"0":{"name":"(anonymous_0)","decl":{"start":{"line":6,"column":20},"end":{"line":6,"column":21}},"loc":{"start":{"line":6,"column":26},"end":{"line":9,"column":1}},"line":6},"1":{"name":"(anonymous_1)","decl":{"start":{"line":12,"column":19},"end":{"line":12,"column":20}},"loc":{"start":{"line":12,"column":30},"end":{"line":29,"column":1}},"line":12},"2":{"name":"(anonymous_2)","decl":{"start":{"line":32,"column":25},"end":{"line":32,"column":26}},"loc":{"start":{"line":32,"column":33},"end":{"line":41,"column":1}},"line":32},"3":{"name":"(anonymous_3)","decl":{"start":{"line":34,"column":30},"end":{"line":34,"column":31}},"loc":{"start":{"line":34,"column":35},"end":{"line":34,"column":53}},"line":34}},"branchMap":{"0":{"loc":{"start":{"line":16,"column":4},"end":{"line":18,"column":5}},"type":"if","locations":[{"start":{"line":16,"column":4},"end":{"line":18,"column":5}},{"start":{},"end":{}}],"line":16},"1":{"loc":{"start":{"line":16,"column":8},"end":{"line":16,"column":34}},"type":"binary-expr","locations":[{"start":{"line":16,"column":8},"end":{"line":16,"column":13}},{"start":{"line":16,"column":17},"end":{"line":16,"column":23}},{"start":{"line":16,"column":27},"end":{"line":16,"column":34}}],"line":16},"2":{"loc":{"start":{"line":36,"column":4},"end":{"line":38,"column":5}},"type":"if","locations":[{"start":{"line":36,"column":4},"end":{"line":38,"column":5}},{"start":{},"end":{}}],"line":36}},"s":{"0":1,"1":1,"2":1,"3":8,"4":8,"5":1,"6":2,"7":2,"8":1,"9":1,"10":1,"11":1,"12":1,"13":2,"14":2,"15":1,"16":2,"17":1,"18":1,"19":1},"f":{"0":8,"1":2,"2":2,"3":1},"b":{"0":[1,1],"1":[2,2,1],"2":[1,1]},"_coverageSchema":"1a1c01bbd47fc00a2c39e90264f33305004495a9","hash":"3e3af115b170c54ab94ebbce352947768e1af0e1"}
,"C:\\Users\\aluno.SENACLAB\\Desktop\\tutorial-testes-unitarios\\TestForge Books & Products API\\produtos.js": {"path":"C:\\Users\\aluno.SENACLAB\\Desktop\\tutorial-testes-unitarios\\TestForge Books & Products API\\produtos.js","statementMap":{"0":{"start":{"line":2,"column":15},"end":{"line":6,"column":1}},"1":{"start":{"line":9,"column":22},"end":{"line":15,"column":1}},"2":{"start":{"line":10,"column":4},"end":{"line":14,"column":6}},"3":{"start":{"line":18,"column":27},"end":{"line":33,"column":1}},"4":{"start":{"line":20,"column":22},"end":{"line":20,"column":32}},"5":{"start":{"line":22,"column":4},"end":{"line":24,"column":5}},"6":{"start":{"line":23,"column":8},"end":{"line":23,"column":52}},"7":{"start":{"line":26,"column":20},"end":{"line":26,"column":58}},"8":{"start":{"line":26,"column":39},"end":{"line":26,"column":57}},"9":{"start":{"line":28,"column":4},"end":{"line":30,"column":5}},"10":{"start":{"line":29,"column":8},"end":{"line":29,"column":63}},"11":{"start":{"line":32,"column":4},"end":{"line":32,"column":42}},"12":{"start":{"line":35,"column":0},"end":{"line":38,"column":2}}},"fnMap":{"0":{"name":"(anonymous_0)","decl":{"start":{"line":9,"column":22},"end":{"line":9,"column":23}},"loc":{"start":{"line":9,"column":28},"end":{"line":15,"column":1}},"line":9},"1":{"name":"(anonymous_1)","decl":{"start":{"line":18,"column":27},"end":{"line":18,"column":28}},"loc":{"start":{"line":18,"column":35},"end":{"line":33,"column":1}},"line":18},"2":{"name":"(anonymous_2)","decl":{"start":{"line":26,"column":34},"end":{"line":26,"column":35}},"loc":{"start":{"line":26,"column":39},"end":{"line":26,"column":57}},"line":26}},"branchMap":{"0":{"loc":{"start":{"line":22,"column":4},"end":{"line":24,"column":5}},"type":"if","locations":[{"start":{"line":22,"column":4},"end":{"line":24,"column":5}},{"start":{},"end":{}}],"line":22},"1":{"loc":{"start":{"line":22,"column":8},"end":{"line":22,"column":73}},"type":"binary-expr","locations":[{"start":{"line":22,"column":8},"end":{"line":22,"column":24}},{"start":{"line":22,"column":28},"end":{"line":22,"column":41}},{"start":{"line":22,"column":45},"end":{"line":22,"column":73}}],"line":22},"2":{"loc":{"start":{"line":28,"column":4},"end":{"line":30,"column":5}},"type":"if","locations":[{"start":{"line":28,"column":4},"end":{"line":30,"column":5}},{"start":{},"end":{}}],"line":28}},"s":{"0":1,"1":1,"2":8,"3":1,"4":5,"5":5,"6":2,"7":3,"8":6,"9":3,"10":1,"11":2,"12":1},"f":{"0":8,"1":5,"2":6},"b":{"0":[2,3],"1":[5,4,3],"2":[1,2]},"_coverageSchema":"1a1c01bbd47fc00a2c39e90264f33305004495a9","hash":"b96e9face90ff7e8f133e0c8cca6d1fd835dcdd5"}
}
