TN:
SF:app.js
FN:11,(anonymous_0)
FN:25,(anonymous_1)
FN:36,(anonymous_2)
FN:53,(anonymous_3)
FNF:4
FNH:3
FNDA:5,(anonymous_0)
FNDA:2,(anonymous_1)
FNDA:2,(anonymous_2)
FNDA:0,(anonymous_3)
DA:1,1
DA:2,1
DA:3,1
DA:4,1
DA:6,1
DA:11,1
DA:12,5
DA:13,5
DA:15,5
DA:16,3
DA:19,2
DA:25,1
DA:26,2
DA:28,2
DA:29,1
DA:32,1
DA:36,1
DA:37,2
DA:38,2
DA:40,2
DA:41,1
DA:44,1
DA:48,1
DA:51,1
DA:52,0
DA:53,0
DA:54,0
LF:27
LH:24
BRDA:15,0,0,3
BRDA:15,0,1,2
BRDA:28,1,0,1
BRDA:28,1,1,1
BRDA:40,2,0,1
BRDA:40,2,1,1
BRDA:51,3,0,0
BRDA:51,3,1,1
BRF:8
BRH:7
end_of_record
TN:
SF:livros.js
FN:6,(anonymous_0)
FN:12,(anonymous_1)
FN:32,(anonymous_2)
FN:34,(anonymous_3)
FNF:4
FNH:4
FNDA:8,(anonymous_0)
FNDA:2,(anonymous_1)
FNDA:2,(anonymous_2)
FNDA:1,(anonymous_3)
DA:2,1
DA:3,1
DA:6,1
DA:7,8
DA:8,8
DA:12,1
DA:13,2
DA:16,2
DA:17,1
DA:20,1
DA:27,1
DA:28,1
DA:32,1
DA:33,2
DA:34,2
DA:36,2
DA:37,1
DA:40,1
DA:43,1
LF:19
LH:19
BRDA:16,0,0,1
BRDA:16,0,1,1
BRDA:16,1,0,2
BRDA:16,1,1,2
BRDA:16,1,2,1
BRDA:36,2,0,1
BRDA:36,2,1,1
BRF:7
BRH:7
end_of_record
TN:
SF:produtos.js
FN:9,(anonymous_0)
FN:18,(anonymous_1)
FN:26,(anonymous_2)
FNF:3
FNH:3
FNDA:8,(anonymous_0)
FNDA:5,(anonymous_1)
FNDA:6,(anonymous_2)
DA:2,1
DA:9,1
DA:10,8
DA:18,1
DA:20,5
DA:22,5
DA:23,2
DA:26,6
DA:28,3
DA:29,1
DA:32,2
DA:35,1
LF:12
LH:12
BRDA:22,0,0,2
BRDA:22,0,1,3
BRDA:22,1,0,5
BRDA:22,1,1,4
BRDA:22,1,2,3
BRDA:28,2,0,1
BRDA:28,2,1,2
BRF:7
BRH:7
end_of_record
